<?xml version="1.0" encoding="UTF-8"?>
<!-- Generated by org.testng.reporters.JUnitXMLReporter -->
<testsuite ignored="0" hostname="LAPTOP-5BS2B6EL" failures="0" tests="2" name="Surefire test" time="0.759" errors="0" timestamp="2021-05-23T16:31:51 IST">
  <testcase classname="testCases.TestCase1" name="@BeforeTest beforeTest" time="-1.621767710737E9">
    <failure type="org.testng.TestNGException" message="
Parameter &amp;apos;browser&amp;apos; is required by BeforeTest on method beforeTest but has not been marked @Optional or defined
">
      <![CDATA[org.testng.TestNGException: 
Parameter 'browser' is required by BeforeTest on method beforeTest but has not been marked @Optional or defined

... Removed 26 stack frames]]>
    </failure>
  </testcase> <!-- @BeforeTest beforeTest -->
  <testcase classname="testCases.TestCase2" name="@BeforeTest beforeTest" time="-1.621767710746E9">
    <skipped/>
  </testcase> <!-- @BeforeTest beforeTest -->
  <testcase classname="testCases.TestCase1" name="@BeforeClass beforeClass" time="-1.621767710762E9">
    <skipped/>
  </testcase> <!-- @BeforeClass beforeClass -->
  <testcase classname="testCases.TestCase1" name="@BeforeMethod beforeMethod" time="-1.621767711485E9">
    <skipped/>
  </testcase> <!-- @BeforeMethod beforeMethod -->
  <testcase classname="testCases.TestCase1" name="@AfterMethod afterMethod" time="-1.621767711488E9">
    <skipped/>
  </testcase> <!-- @AfterMethod afterMethod -->
  <testcase classname="testCases.TestCase1" name="@AfterClass afterClass" time="-1.621767711489E9">
    <skipped/>
  </testcase> <!-- @AfterClass afterClass -->
  <testcase classname="testCases.TestCase2" name="@BeforeMethod beforeMethod" time="-1.621767711491E9">
    <skipped/>
  </testcase> <!-- @BeforeMethod beforeMethod -->
  <testcase classname="testCases.TestCase2" name="@AfterMethod afterMethod" time="-1.621767711492E9">
    <skipped/>
  </testcase> <!-- @AfterMethod afterMethod -->
  <testcase classname="testCases.TestCase1" name="@AfterTest afterTest" time="-1.621767711492E9">
    <skipped/>
  </testcase> <!-- @AfterTest afterTest -->
  <testcase classname="testCases.TestCase1" name="f" time="0.0">
    <skipped/>
  </testcase> <!-- f -->
  <testcase classname="testCases.TestCase2" name="f" time="0.0">
    <skipped/>
  </testcase> <!-- f -->
</testsuite> <!-- Surefire test -->
